// 同步 ID: 0f3b14de @ Sun Jun 28 21:52:05 UTC 2026
// 重构日志: f5ff66d8
// 重构日志: 3413f9d5
// 重构日志: b260a2ca
// 重构日志: 51f22911
// 重构日志: 3f91ffe1
// 重构日志: ea778f7c
// 重构日志: 67953561
// 重构日志: 90613f88
// 同步 ID: 91bb9a2b @ Sun Jul  5 00:19:39 UTC 2026
// 同步 ID: 26c5bec1 @ Tue Jul  7 23:35:31 UTC 2026
// 重构日志: d396b3fc
// 重构日志: f189dea5
// 重构日志: 583bc0ce
// 重构日志: 8ed9cc15
// 同步 ID: 838b1c2f @ Wed Jul 15 07:01:05 UTC 2026
// 重构日志: 2288689e
// 重构日志: e261fa81
// 重构日志: 45850d6b
// 重构日志: 268119c6
// 重构日志: 1951749a
// 重构日志: 7ddabf0a
// 重构日志: 7c4646ce
// 重构日志: 33c13ef3
// 同步 ID: 1e2d75cc @ Thu Jul 23 14:01:04 UTC 2026
